Using pre-set license
Built from '2020.3/staging' branch; Version is '2020.3.23f1 (c5d91304a876) revision 12966163'; Using compiler version '192528614'; Build Type 'Release'
OS: 'Windows 10 Home; OS build 19045.2604; Version 2009; 64bit' Language: 'pl' Physical Memory: 16325 MB
BatchMode: 1, IsHumanControllingUs: 0, StartBugReporterOnCrash: 0, Is64bit: 1, IsPro: 0

COMMAND LINE ARGUMENTS:
C:\Program Files\Unity\Hub\Editor\2020.3.23f1\Editor\Unity.exe
-adb2
-batchMode
-noUpm
-name
AssetImportWorker1
-projectPath
D:/Uni/GitProjektMgr/ProjektMgr
-logFile
Logs/AssetImportWorker1.log
-srvPort
51380
Successfully changed project path to: D:/Uni/GitProjektMgr/ProjektMgr
D:/Uni/GitProjektMgr/ProjektMgr
Using Asset Import Pipeline V2.
Refreshing native plugins compatible for Editor in 60.79 ms, found 5 plugins.
Preloading 0 native plugins for Editor in 0.00 ms.
Initialize engine version: 2020.3.23f1 (c5d91304a876)
[Subsystems] Discovering subsystems at path C:/Program Files/Unity/Hub/Editor/2020.3.23f1/Editor/Data/Resources/UnitySubsystems
[Subsystems] Discovering subsystems at path D:/Uni/GitProjektMgr/ProjektMgr/Assets
GfxDevice: creating device client; threaded=0
Direct3D:
    Version:  Direct3D 11.0 [level 11.1]
    Renderer: AMD Radeon (TM) R9 380 Series (ID=0x6939)
    Vendor:   
    VRAM:     2023 MB
    Driver:   27.20.1034.6
Initialize mono
Mono path[0] = 'C:/Program Files/Unity/Hub/Editor/2020.3.23f1/Editor/Data/Managed'
Mono path[1] = 'C:/Program Files/Unity/Hub/Editor/2020.3.23f1/Editor/Data/MonoBleedingEdge/lib/mono/unityjit'
Mono config path = 'C:/Program Files/Unity/Hub/Editor/2020.3.23f1/Editor/Data/MonoBleedingEdge/etc'
Using monoOptions --debugger-agent=transport=dt_socket,embedding=1,server=y,suspend=n,address=127.0.0.1:56580
Begin MonoManager ReloadAssembly
Registering precompiled unity dll's ...
Register platform support module: C:/Program Files/Unity/Hub/Editor/2020.3.23f1/Editor/Data/PlaybackEngines/WebGLSupport/UnityEditor.WebGL.Extensions.dll
Register platform support module: C:/Program Files/Unity/Hub/Editor/2020.3.23f1/Editor/Data/PlaybackEngines/WindowsStandaloneSupport/UnityEditor.WindowsStandalone.Extensions.dll
Registered in 0.007023 seconds.
Native extension for WindowsStandalone target not found
Native extension for WebGL target not found
Refreshing native plugins compatible for Editor in 52.49 ms, found 5 plugins.
Preloading 0 native plugins for Editor in 0.00 ms.
Mono: successfully reloaded assembly
- Completed reload, in  0.753 seconds
Domain Reload Profiling:
	ReloadAssembly (753ms)
		BeginReloadAssembly (80ms)
			ExecutionOrderSort (0ms)
			DisableScriptedObjects (0ms)
			BackupInstance (0ms)
			ReleaseScriptingObjects (0ms)
			CreateAndSetChildDomain (1ms)
		EndReloadAssembly (566ms)
			LoadAssemblies (76ms)
			RebuildTransferFunctionScriptingTraits (0ms)
			SetupTypeCache (192ms)
			ReleaseScriptCaches (0ms)
			RebuildScriptCaches (37ms)
			SetupLoadedEditorAssemblies (205ms)
				LogAssemblyErrors (0ms)
				InitializePlatformSupportModulesInManaged (7ms)
				SetLoadedEditorAssemblies (0ms)
				RefreshPlugins (53ms)
				BeforeProcessingInitializeOnLoad (9ms)
				ProcessInitializeOnLoadAttributes (99ms)
				ProcessInitializeOnLoadMethodAttributes (37ms)
				AfterProcessingInitializeOnLoad (0ms)
				EditorAssembliesLoaded (0ms)
			ExecutionOrderSort2 (0ms)
			AwakeInstancesAfterBackupRestoration (0ms)
Platform modules already initialized, skipping
Registering precompiled user dll's ...
Registered in 0.005848 seconds.
Begin MonoManager ReloadAssembly
Native extension for WindowsStandalone target not found
Native extension for WebGL target not found
Refreshing native plugins compatible for Editor in 54.53 ms, found 5 plugins.
Preloading 0 native plugins for Editor in 0.00 ms.
Mono: successfully reloaded assembly
- Completed reload, in  1.445 seconds
Domain Reload Profiling:
	ReloadAssembly (1446ms)
		BeginReloadAssembly (192ms)
			ExecutionOrderSort (0ms)
			DisableScriptedObjects (5ms)
			BackupInstance (0ms)
			ReleaseScriptingObjects (0ms)
			CreateAndSetChildDomain (24ms)
		EndReloadAssembly (1168ms)
			LoadAssemblies (125ms)
			RebuildTransferFunctionScriptingTraits (0ms)
			SetupTypeCache (386ms)
			ReleaseScriptCaches (1ms)
			RebuildScriptCaches (63ms)
			SetupLoadedEditorAssemblies (416ms)
				LogAssemblyErrors (0ms)
				InitializePlatformSupportModulesInManaged (5ms)
				SetLoadedEditorAssemblies (0ms)
				RefreshPlugins (55ms)
				BeforeProcessingInitializeOnLoad (84ms)
				ProcessInitializeOnLoadAttributes (236ms)
				ProcessInitializeOnLoadMethodAttributes (21ms)
				AfterProcessingInitializeOnLoad (15ms)
				EditorAssembliesLoaded (0ms)
			ExecutionOrderSort2 (0ms)
			AwakeInstancesAfterBackupRestoration (8ms)
Platform modules already initialized, skipping
========================================================================
Worker process is ready to serve import requests
Launched and connected shader compiler UnityShaderCompiler.exe after 0.09 seconds
Refreshing native plugins compatible for Editor in 0.69 ms, found 5 plugins.
Preloading 0 native plugins for Editor in 0.00 ms.
Unloading 2276 Unused Serialized files (Serialized files now loaded: 0)
System memory in use before: 100.3 MB.
System memory in use after: 100.4 MB.

Unloading 39 unused Assets to reduce memory usage. Loaded Objects now: 2699.
Total: 3.662200 ms (FindLiveObjects: 0.226500 ms CreateObjectMapping: 0.110200 ms MarkObjects: 3.226600 ms  DeleteObjects: 0.098000 ms)

AssetImportParameters requested are different than current active one (requested -> active):
  custom:framework-win-MediaFoundation: 216162199b28c13a410421893ffa2e32 -> 
  custom:video-decoder-ogg-theora: a1e56fd34408186e4bbccfd4996cb3dc -> 
  custom:container-muxer-webm: aa71ff27fc2769a1b78a27578f13a17b -> 
  custom:container-demuxer-webm: 4f35f7cbe854078d1ac9338744f61a02 -> 
  custom:container-demuxer-ogg: 62fdf1f143b41e24485cea50d1cbac27 -> 
  custom:video-encoder-webm-vp8: eb34c28f22e8b96e1ab97ce403110664 -> 
  custom:video-decoder-webm-vp8: 9c59270c3fd7afecdb556c50c9e8de78 -> 
  custom:audio-decoder-ogg-vorbis: bf7c407c2cedff20999df2af8eb42d56 -> 
  custom:audio-encoder-webm-vorbis: bf7c407c2cedff20999df2af8eb42d56 -> 
========================================================================
Received Import Request.
  path: Assets/Scenes/SampleScene 3.unity
  artifactKey: Guid(a1806f61bbe135d4d802a54b23a3d19a) Importer(815301076,1909f56bfc062723c751e8b465ee728b)
Start importing Assets/Scenes/SampleScene 3.unity using Guid(a1806f61bbe135d4d802a54b23a3d19a) Importer(815301076,1909f56bfc062723c751e8b465ee728b)  -> (artifact id: '873c254bdd574a14c86ca39b8eff11ce') in 0.023663 seconds 
  Import took 0.028251 seconds .

========================================================================
Received Import Request.
  Time since last request: 285.707784 seconds.
  path: Assets/Scenes/SampleScene 1.unity
  artifactKey: Guid(7d22a1a010aaf5a4780d828ccdb95ec9) Importer(815301076,1909f56bfc062723c751e8b465ee728b)
Start importing Assets/Scenes/SampleScene 1.unity using Guid(7d22a1a010aaf5a4780d828ccdb95ec9) Importer(815301076,1909f56bfc062723c751e8b465ee728b)  -> (artifact id: 'ec4aabaf43a26c15eb16d35ba8420485') in 0.008519 seconds 
  Import took 0.014226 seconds .

========================================================================
Received Import Request.
  Time since last request: 6.326006 seconds.
  path: Assets/Scenes/Tutorial.unity
  artifactKey: Guid(7d22a1a010aaf5a4780d828ccdb95ec9) Importer(815301076,1909f56bfc062723c751e8b465ee728b)
Start importing Assets/Scenes/Tutorial.unity using Guid(7d22a1a010aaf5a4780d828ccdb95ec9) Importer(815301076,1909f56bfc062723c751e8b465ee728b)  -> (artifact id: 'cbf111996ed0a1e6df1f661e761a6ebd') in 0.008371 seconds 
  Import took 0.013070 seconds .

========================================================================
Received Import Request.
  Time since last request: 1.484577 seconds.
  path: Assets/Scenes/SampleScene 2.unity
  artifactKey: Guid(9c85cf491d9ffb94581d1a0b9490d131) Importer(815301076,1909f56bfc062723c751e8b465ee728b)
Start importing Assets/Scenes/SampleScene 2.unity using Guid(9c85cf491d9ffb94581d1a0b9490d131) Importer(815301076,1909f56bfc062723c751e8b465ee728b)  -> (artifact id: '96bf77b5b6e3a8e4e85f8811b4f8a484') in 0.012587 seconds 
  Import took 0.020671 seconds .

========================================================================
Received Import Request.
  Time since last request: 4.091774 seconds.
  path: Assets/Scenes
  artifactKey: Guid(e00fd21446f4c514689e4e46a4ce79a4) Importer(815301076,1909f56bfc062723c751e8b465ee728b)
Start importing Assets/Scenes using Guid(e00fd21446f4c514689e4e46a4ce79a4) Importer(815301076,1909f56bfc062723c751e8b465ee728b)  -> (artifact id: 'fe51aae824845ad3281680c45d47694a') in 0.019211 seconds 
  Import took 0.026340 seconds .

========================================================================
Received Import Request.
  Time since last request: 8.700479 seconds.
  path: Assets/Scenes/0_Tutorial.unity
  artifactKey: Guid(7d22a1a010aaf5a4780d828ccdb95ec9) Importer(815301076,1909f56bfc062723c751e8b465ee728b)
Start importing Assets/Scenes/0_Tutorial.unity using Guid(7d22a1a010aaf5a4780d828ccdb95ec9) Importer(815301076,1909f56bfc062723c751e8b465ee728b)  -> (artifact id: '61827cb2bcd7854907f0eb57341ad1e6') in 0.008696 seconds 
  Import took 0.013291 seconds .

========================================================================
Received Import Request.
  Time since last request: 11.850430 seconds.
  path: Assets/Scenes/1_Easy.unity
  artifactKey: Guid(9c85cf491d9ffb94581d1a0b9490d131) Importer(815301076,1909f56bfc062723c751e8b465ee728b)
Start importing Assets/Scenes/1_Easy.unity using Guid(9c85cf491d9ffb94581d1a0b9490d131) Importer(815301076,1909f56bfc062723c751e8b465ee728b)  -> (artifact id: 'f3f7712649d58805fe3893190508e52b') in 0.036406 seconds 
  Import took 0.040320 seconds .

========================================================================
Received Import Request.
  Time since last request: 7.781696 seconds.
  path: Assets/Scenes/2-Normal.unity
  artifactKey: Guid(a1806f61bbe135d4d802a54b23a3d19a) Importer(815301076,1909f56bfc062723c751e8b465ee728b)
Start importing Assets/Scenes/2-Normal.unity using Guid(a1806f61bbe135d4d802a54b23a3d19a) Importer(815301076,1909f56bfc062723c751e8b465ee728b)  -> (artifact id: '7ec746bc385378376b0bbe36d094c5cc') in 0.006786 seconds 
  Import took 0.011434 seconds .

========================================================================
Received Import Request.
  Time since last request: 0.937883 seconds.
  path: Assets/Scenes/SampleScene.unity
  artifactKey: Guid(2cda990e2423bbf4892e6590ba056729) Importer(815301076,1909f56bfc062723c751e8b465ee728b)
Start importing Assets/Scenes/SampleScene.unity using Guid(2cda990e2423bbf4892e6590ba056729) Importer(815301076,1909f56bfc062723c751e8b465ee728b)  -> (artifact id: '002c24f75096a85f34d0c168c4bbf3f8') in 0.009339 seconds 
  Import took 0.015492 seconds .

========================================================================
Received Import Request.
  Time since last request: 6.616892 seconds.
  path: Assets/Scenes/3-Hard.unity
  artifactKey: Guid(2cda990e2423bbf4892e6590ba056729) Importer(815301076,1909f56bfc062723c751e8b465ee728b)
Start importing Assets/Scenes/3-Hard.unity using Guid(2cda990e2423bbf4892e6590ba056729) Importer(815301076,1909f56bfc062723c751e8b465ee728b)  -> (artifact id: '49a71546136ce2e874c611c0172a1643') in 0.007433 seconds 
  Import took 0.012701 seconds .

========================================================================
Received Import Request.
  Time since last request: 1.202971 seconds.
  path: Assets/Scenes/Intro.unity
  artifactKey: Guid(821749137704b664cbc8b16536eadf65) Importer(815301076,1909f56bfc062723c751e8b465ee728b)
Start importing Assets/Scenes/Intro.unity using Guid(821749137704b664cbc8b16536eadf65) Importer(815301076,1909f56bfc062723c751e8b465ee728b)  -> (artifact id: '8ab712a785c9929d425eba3d053de724') in 0.007658 seconds 
  Import took 0.012271 seconds .

========================================================================
Received Import Request.
  Time since last request: 8.071242 seconds.
  path: Assets/Scenes/MainMenu.unity
  artifactKey: Guid(821749137704b664cbc8b16536eadf65) Importer(815301076,1909f56bfc062723c751e8b465ee728b)
Start importing Assets/Scenes/MainMenu.unity using Guid(821749137704b664cbc8b16536eadf65) Importer(815301076,1909f56bfc062723c751e8b465ee728b)  -> (artifact id: '51ac4c2b43932ce895d224b5bc7ffc13') in 0.007630 seconds 
  Import took 0.011889 seconds .

========================================================================
Received Import Request.
  Time since last request: 2875.747426 seconds.
  path: Assets/Sounds/charge.ogg
  artifactKey: Guid(ba98fe08a5ba56c40810b13c49ddb837) Importer(815301076,1909f56bfc062723c751e8b465ee728b)
Start importing Assets/Sounds/charge.ogg using Guid(ba98fe08a5ba56c40810b13c49ddb837) Importer(815301076,1909f56bfc062723c751e8b465ee728b)  -> (artifact id: 'cdc4420e1ad6f7514588a3fdf0c4041d') in 0.171800 seconds 
  Import took 0.176872 seconds .

========================================================================
Received Import Request.
  Time since last request: 0.000255 seconds.
  path: Assets/Sounds/correct.wav
  artifactKey: Guid(5b99b5b0c36d22443a52d1f6b67a0baf) Importer(815301076,1909f56bfc062723c751e8b465ee728b)
Start importing Assets/Sounds/correct.wav using Guid(5b99b5b0c36d22443a52d1f6b67a0baf) Importer(815301076,1909f56bfc062723c751e8b465ee728b)  -> (artifact id: '3f3ee03e6fe9a0c2a31b3ec1480206c4') in 0.034376 seconds 
  Import took 0.038131 seconds .

========================================================================
Received Import Request.
  Time since last request: 0.000206 seconds.
  path: Assets/Sounds/locked.mp3
  artifactKey: Guid(bbb9ced1e63378f49b410b3197d41c6c) Importer(815301076,1909f56bfc062723c751e8b465ee728b)
Start importing Assets/Sounds/locked.mp3 using Guid(bbb9ced1e63378f49b410b3197d41c6c) Importer(815301076,1909f56bfc062723c751e8b465ee728b)  -> (artifact id: '9e2f204f878d5eaa4c2b4b373d641161') in 0.058367 seconds 
  Import took 0.061846 seconds .

========================================================================
Received Import Request.
  Time since last request: 0.000239 seconds.
  path: Assets/Sounds/KeyPing1.wav
  artifactKey: Guid(863e764c62340b5419ca3059f421a7e2) Importer(815301076,1909f56bfc062723c751e8b465ee728b)
Start importing Assets/Sounds/KeyPing1.wav using Guid(863e764c62340b5419ca3059f421a7e2) Importer(815301076,1909f56bfc062723c751e8b465ee728b)  -> (artifact id: 'dcdca3a2d42a17dd33a7380a50113294') in 0.026197 seconds 
  Import took 0.029707 seconds .

========================================================================
Received Import Request.
  Time since last request: 0.000239 seconds.
  path: Assets/Sounds/Ghost4.wav
  artifactKey: Guid(bd0996a4c2864b746aa74812ced1f381) Importer(815301076,1909f56bfc062723c751e8b465ee728b)
Start importing Assets/Sounds/Ghost4.wav using Guid(bd0996a4c2864b746aa74812ced1f381) Importer(815301076,1909f56bfc062723c751e8b465ee728b)  -> (artifact id: '690741eb2aaffb185417b0173ff14a3a') in 0.017293 seconds 
  Import took 0.021825 seconds .

========================================================================
Received Import Request.
  Time since last request: 0.000246 seconds.
  path: Assets/Sounds/UnlockingDoor.flac
  artifactKey: Guid(bb463ac0618a11d44b0f4a243880971c) Importer(815301076,1909f56bfc062723c751e8b465ee728b)
Start importing Assets/Sounds/UnlockingDoor.flac using Guid(bb463ac0618a11d44b0f4a243880971c) Importer(815301076,1909f56bfc062723c751e8b465ee728b)  -> (artifact id: '97f0a74837ded164d6a1e48b14a90441') in 0.029457 seconds 
  Import took 0.033728 seconds .

========================================================================
Received Import Request.
  Time since last request: 0.000222 seconds.
  path: Assets/Sounds/heartbeat.wav
  artifactKey: Guid(18c5e483ed9ce88429209baff38232c8) Importer(815301076,1909f56bfc062723c751e8b465ee728b)
Start importing Assets/Sounds/heartbeat.wav using Guid(18c5e483ed9ce88429209baff38232c8) Importer(815301076,1909f56bfc062723c751e8b465ee728b)  -> (artifact id: '0ad787928ded46336e56ce7a1ad6b430') in 0.017218 seconds 
  Import took 0.021019 seconds .

========================================================================
Received Import Request.
  Time since last request: 0.000163 seconds.
  path: Assets/Sounds/correct2.wav
  artifactKey: Guid(8e2c3831e12a828418f30c1e25c07ce5) Importer(815301076,1909f56bfc062723c751e8b465ee728b)
Start importing Assets/Sounds/correct2.wav using Guid(8e2c3831e12a828418f30c1e25c07ce5) Importer(815301076,1909f56bfc062723c751e8b465ee728b)  -> (artifact id: '56a12b04c0c412100a2acf0b65e98376') in 0.017370 seconds 
  Import took 0.020920 seconds .

========================================================================
Received Import Request.
  Time since last request: 0.000180 seconds.
  path: Assets/Sounds/opening.wav
  artifactKey: Guid(4beb8fe25cac2a54e97f78e5a736a86d) Importer(815301076,1909f56bfc062723c751e8b465ee728b)
Start importing Assets/Sounds/opening.wav using Guid(4beb8fe25cac2a54e97f78e5a736a86d) Importer(815301076,1909f56bfc062723c751e8b465ee728b)  -> (artifact id: '54e670129c7143b47f7d76da51d562dc') in 0.026238 seconds 
  Import took 0.029780 seconds .

========================================================================
Received Import Request.
  Time since last request: 0.000174 seconds.
  path: Assets/Sounds/unfolding-mirrors.mp3
  artifactKey: Guid(a3ea2037d2281ea4ba2ce1abc08dff1e) Importer(815301076,1909f56bfc062723c751e8b465ee728b)
Start importing Assets/Sounds/unfolding-mirrors.mp3 using Guid(a3ea2037d2281ea4ba2ce1abc08dff1e) Importer(815301076,1909f56bfc062723c751e8b465ee728b)  -> (artifact id: '7e15ad672d67f853c3ebe9eb87acf9d3') in 0.026993 seconds 
  Import took 0.030504 seconds .

========================================================================
Received Import Request.
  Time since last request: 0.000173 seconds.
  path: Assets/Sounds/gun.wav
  artifactKey: Guid(35b7250a11ce6944aab1a386711ee0fe) Importer(815301076,1909f56bfc062723c751e8b465ee728b)
Start importing Assets/Sounds/gun.wav using Guid(35b7250a11ce6944aab1a386711ee0fe) Importer(815301076,1909f56bfc062723c751e8b465ee728b)  -> (artifact id: '5cba0b62c248ee0c1d169f6c11f6696d') in 0.018124 seconds 
  Import took 0.022021 seconds .

========================================================================
Received Import Request.
  Time since last request: 0.000190 seconds.
  path: Assets/Sounds/Ghost1.wav
  artifactKey: Guid(503cb56cc8ce3f740a26eb70ff95637d) Importer(815301076,1909f56bfc062723c751e8b465ee728b)
Start importing Assets/Sounds/Ghost1.wav using Guid(503cb56cc8ce3f740a26eb70ff95637d) Importer(815301076,1909f56bfc062723c751e8b465ee728b)  -> (artifact id: '51844c3411060a7c01fcac5ae7198be1') in 0.017476 seconds 
  Import took 0.021521 seconds .

========================================================================
Received Import Request.
  Time since last request: 0.000176 seconds.
  path: Assets/Sounds/knock2.wav
  artifactKey: Guid(aea0379e798e51c4cac1c1cb0dace048) Importer(815301076,1909f56bfc062723c751e8b465ee728b)
Start importing Assets/Sounds/knock2.wav using Guid(aea0379e798e51c4cac1c1cb0dace048) Importer(815301076,1909f56bfc062723c751e8b465ee728b)  -> (artifact id: 'a953c12a96fc3df255e29d304f2c2d87') in 0.023935 seconds 
  Import took 0.027939 seconds .

========================================================================
Received Import Request.
  Time since last request: 0.000189 seconds.
  path: Assets/Sounds/Ghost3.wav
  artifactKey: Guid(76d4280efa29ad44e811a8e9d39ceacd) Importer(815301076,1909f56bfc062723c751e8b465ee728b)
Start importing Assets/Sounds/Ghost3.wav using Guid(76d4280efa29ad44e811a8e9d39ceacd) Importer(815301076,1909f56bfc062723c751e8b465ee728b)  -> (artifact id: 'd470d373b336e2349d88ccde2c2a0c5e') in 0.015753 seconds 
  Import took 0.019800 seconds .

========================================================================
Received Import Request.
  Time since last request: 0.000185 seconds.
  path: Assets/Sounds/hum.wav
  artifactKey: Guid(429c86e6269a5154592f88583c2b314d) Importer(815301076,1909f56bfc062723c751e8b465ee728b)
Start importing Assets/Sounds/hum.wav using Guid(429c86e6269a5154592f88583c2b314d) Importer(815301076,1909f56bfc062723c751e8b465ee728b)  -> (artifact id: 'eef7aa3623c9aaa6de559b0527602857') in 0.024491 seconds 
  Import took 0.028497 seconds .

========================================================================
Received Import Request.
  Time since last request: 0.000191 seconds.
  path: Assets/Sounds/Collected.wav
  artifactKey: Guid(b5251c8f59c1ae44dbb12cc104349863) Importer(815301076,1909f56bfc062723c751e8b465ee728b)
Start importing Assets/Sounds/Collected.wav using Guid(b5251c8f59c1ae44dbb12cc104349863) Importer(815301076,1909f56bfc062723c751e8b465ee728b)  -> (artifact id: '1e2d8c156e7d8c2feb0676721f269dd8') in 0.036424 seconds 
  Import took 0.040396 seconds .

========================================================================
Received Import Request.
  Time since last request: 0.000210 seconds.
  path: Assets/Sounds/hit.wav
  artifactKey: Guid(eab545464862aa844bf033d1c10ce798) Importer(815301076,1909f56bfc062723c751e8b465ee728b)
Start importing Assets/Sounds/hit.wav using Guid(eab545464862aa844bf033d1c10ce798) Importer(815301076,1909f56bfc062723c751e8b465ee728b)  -> (artifact id: 'c1cc597fa53148b3297fdd91720aeddc') in 0.015612 seconds 
  Import took 0.019649 seconds .

========================================================================
Received Import Request.
  Time since last request: 0.000191 seconds.
  path: Assets/Sounds/click.wav
  artifactKey: Guid(8c6b574bf140ee44b80ebfef16451bb1) Importer(815301076,1909f56bfc062723c751e8b465ee728b)
Start importing Assets/Sounds/click.wav using Guid(8c6b574bf140ee44b80ebfef16451bb1) Importer(815301076,1909f56bfc062723c751e8b465ee728b)  -> (artifact id: 'd9a9b4aa9b01fac9749e1110fb45b94d') in 0.026522 seconds 
  Import took 0.030068 seconds .

========================================================================
Received Import Request.
  Time since last request: 0.000232 seconds.
  path: Assets/Sounds/door-sound (online-audio-converter.com).mp3
  artifactKey: Guid(4f48b1640c70bef44883e6bccb46af6e) Importer(815301076,1909f56bfc062723c751e8b465ee728b)
Start importing Assets/Sounds/door-sound (online-audio-converter.com).mp3 using Guid(4f48b1640c70bef44883e6bccb46af6e) Importer(815301076,1909f56bfc062723c751e8b465ee728b)  -> (artifact id: '49200b8ecf25735a22e1bd514901e917') in 0.030472 seconds 
  Import took 0.034318 seconds .

========================================================================
Received Import Request.
  Time since last request: 0.000200 seconds.
  path: Assets/Sounds/Ghost2.wav
  artifactKey: Guid(64ea4436dd7203d4dae23d0102ad870c) Importer(815301076,1909f56bfc062723c751e8b465ee728b)
Start importing Assets/Sounds/Ghost2.wav using Guid(64ea4436dd7203d4dae23d0102ad870c) Importer(815301076,1909f56bfc062723c751e8b465ee728b)  -> (artifact id: '77f65f8d7f8a101c9591e5aec253bca0') in 0.015399 seconds 
  Import took 0.019370 seconds .

========================================================================
Received Import Request.
  Time since last request: 0.000232 seconds.
  path: Assets/Sounds/correct3.wav
  artifactKey: Guid(06ff1ae9b18574d41acd305c791d9d42) Importer(815301076,1909f56bfc062723c751e8b465ee728b)
Start importing Assets/Sounds/correct3.wav using Guid(06ff1ae9b18574d41acd305c791d9d42) Importer(815301076,1909f56bfc062723c751e8b465ee728b)  -> (artifact id: 'f309dcfece150bd3d814a60ab902ad49') in 0.014957 seconds 
  Import took 0.019338 seconds .

========================================================================
Received Import Request.
  Time since last request: 0.000245 seconds.
  path: Assets/Sounds/footsteps.wav
  artifactKey: Guid(655dd6573f1162c48bae0e68ed7bd312) Importer(815301076,1909f56bfc062723c751e8b465ee728b)
Start importing Assets/Sounds/footsteps.wav using Guid(655dd6573f1162c48bae0e68ed7bd312) Importer(815301076,1909f56bfc062723c751e8b465ee728b)  -> (artifact id: 'd04af210e631a16e86f434dc964d5854') in 0.025658 seconds 
  Import took 0.030418 seconds .

========================================================================
Received Import Request.
  Time since last request: 0.000190 seconds.
  path: Assets/Sounds/heartbeat0.wav
  artifactKey: Guid(d56b4626ce3a3ec44b9a3e37531b6cd3) Importer(815301076,1909f56bfc062723c751e8b465ee728b)
Start importing Assets/Sounds/heartbeat0.wav using Guid(d56b4626ce3a3ec44b9a3e37531b6cd3) Importer(815301076,1909f56bfc062723c751e8b465ee728b)  -> (artifact id: 'bb3bfbf4f5b54048d95c46f2a394814f') in 0.013482 seconds 
  Import took 0.017366 seconds .

========================================================================
Received Import Request.
  Time since last request: 0.000333 seconds.
  path: Assets/Sounds/gun-locked.wav
  artifactKey: Guid(4bcbe079a89213148a7b423373b75b0a) Importer(815301076,1909f56bfc062723c751e8b465ee728b)
Start importing Assets/Sounds/gun-locked.wav using Guid(4bcbe079a89213148a7b423373b75b0a) Importer(815301076,1909f56bfc062723c751e8b465ee728b)  -> (artifact id: '630719ccbffd7ebc53fb3fd3774a854d') in 0.014290 seconds 
  Import took 0.018081 seconds .

========================================================================
Received Import Request.
  Time since last request: 319.848666 seconds.
  path: Assets/Scripts/PlayerStatus.cs
  artifactKey: Guid(f8e771f9498f1254b865322a8fde2209) Importer(815301076,1909f56bfc062723c751e8b465ee728b)
Start importing Assets/Scripts/PlayerStatus.cs using Guid(f8e771f9498f1254b865322a8fde2209) Importer(815301076,1909f56bfc062723c751e8b465ee728b)  -> (artifact id: 'eadc494e6779b5af953474895586fcbd') in 0.022314 seconds 
  Import took 0.027488 seconds .

========================================================================
Received Prepare
Registering precompiled user dll's ...
Registered in 0.005902 seconds.
Begin MonoManager ReloadAssembly
Native extension for WindowsStandalone target not found
Native extension for WebGL target not found
Refreshing native plugins compatible for Editor in 0.71 ms, found 5 plugins.
Preloading 0 native plugins for Editor in 0.00 ms.
Mono: successfully reloaded assembly
- Completed reload, in  1.312 seconds
Domain Reload Profiling:
	ReloadAssembly (1313ms)
		BeginReloadAssembly (168ms)
			ExecutionOrderSort (0ms)
			DisableScriptedObjects (8ms)
			BackupInstance (0ms)
			ReleaseScriptingObjects (0ms)
			CreateAndSetChildDomain (53ms)
		EndReloadAssembly (1055ms)
			LoadAssemblies (128ms)
			RebuildTransferFunctionScriptingTraits (0ms)
			SetupTypeCache (375ms)
			ReleaseScriptCaches (1ms)
			RebuildScriptCaches (58ms)
			SetupLoadedEditorAssemblies (367ms)
				LogAssemblyErrors (0ms)
				InitializePlatformSupportModulesInManaged (7ms)
				SetLoadedEditorAssemblies (1ms)
				RefreshPlugins (1ms)
				BeforeProcessingInitializeOnLoad (79ms)
				ProcessInitializeOnLoadAttributes (253ms)
				ProcessInitializeOnLoadMethodAttributes (13ms)
				AfterProcessingInitializeOnLoad (14ms)
				EditorAssembliesLoaded (0ms)
			ExecutionOrderSort2 (0ms)
			AwakeInstancesAfterBackupRestoration (12ms)
Platform modules already initialized, skipping
Refreshing native plugins compatible for Editor in 0.70 ms, found 5 plugins.
Preloading 0 native plugins for Editor in 0.00 ms.
Unloading 2252 Unused Serialized files (Serialized files now loaded: 0)
System memory in use before: 101.5 MB.
System memory in use after: 101.7 MB.

Unloading 28 unused Assets to reduce memory usage. Loaded Objects now: 2710.
Total: 5.078000 ms (FindLiveObjects: 0.444600 ms CreateObjectMapping: 0.237500 ms MarkObjects: 4.365600 ms  DeleteObjects: 0.028900 ms)

AssetImportParameters requested are different than current active one (requested -> active):
  custom:framework-win-MediaFoundation: 216162199b28c13a410421893ffa2e32 -> 
  custom:video-decoder-ogg-theora: a1e56fd34408186e4bbccfd4996cb3dc -> 
  custom:container-muxer-webm: aa71ff27fc2769a1b78a27578f13a17b -> 
  custom:container-demuxer-webm: 4f35f7cbe854078d1ac9338744f61a02 -> 
  custom:container-demuxer-ogg: 62fdf1f143b41e24485cea50d1cbac27 -> 
  custom:video-encoder-webm-vp8: eb34c28f22e8b96e1ab97ce403110664 -> 
  custom:video-decoder-webm-vp8: 9c59270c3fd7afecdb556c50c9e8de78 -> 
  custom:audio-decoder-ogg-vorbis: bf7c407c2cedff20999df2af8eb42d56 -> 
  custom:audio-encoder-webm-vorbis: bf7c407c2cedff20999df2af8eb42d56 -> 
========================================================================
Received Prepare
Registering precompiled user dll's ...
Registered in 0.007057 seconds.
Begin MonoManager ReloadAssembly
Native extension for WindowsStandalone target not found
Native extension for WebGL target not found
Refreshing native plugins compatible for Editor in 0.63 ms, found 5 plugins.
Preloading 0 native plugins for Editor in 0.00 ms.
Mono: successfully reloaded assembly
- Completed reload, in  1.220 seconds
Domain Reload Profiling:
	ReloadAssembly (1221ms)
		BeginReloadAssembly (151ms)
			ExecutionOrderSort (0ms)
			DisableScriptedObjects (7ms)
			BackupInstance (0ms)
			ReleaseScriptingObjects (0ms)
			CreateAndSetChildDomain (40ms)
		EndReloadAssembly (989ms)
			LoadAssemblies (124ms)
			RebuildTransferFunctionScriptingTraits (0ms)
			SetupTypeCache (351ms)
			ReleaseScriptCaches (1ms)
			RebuildScriptCaches (51ms)
			SetupLoadedEditorAssemblies (351ms)
				LogAssemblyErrors (0ms)
				InitializePlatformSupportModulesInManaged (6ms)
				SetLoadedEditorAssemblies (1ms)
				RefreshPlugins (1ms)
				BeforeProcessingInitializeOnLoad (79ms)
				ProcessInitializeOnLoadAttributes (238ms)
				ProcessInitializeOnLoadMethodAttributes (13ms)
				AfterProcessingInitializeOnLoad (14ms)
				EditorAssembliesLoaded (0ms)
			ExecutionOrderSort2 (0ms)
			AwakeInstancesAfterBackupRestoration (11ms)
Platform modules already initialized, skipping
Refreshing native plugins compatible for Editor in 0.65 ms, found 5 plugins.
Preloading 0 native plugins for Editor in 0.00 ms.
Unloading 2252 Unused Serialized files (Serialized files now loaded: 0)
System memory in use before: 101.5 MB.
System memory in use after: 101.8 MB.

Unloading 28 unused Assets to reduce memory usage. Loaded Objects now: 2712.
Total: 4.162600 ms (FindLiveObjects: 0.256100 ms CreateObjectMapping: 0.186900 ms MarkObjects: 3.654500 ms  DeleteObjects: 0.064100 ms)

AssetImportParameters requested are different than current active one (requested -> active):
  custom:framework-win-MediaFoundation: 216162199b28c13a410421893ffa2e32 -> 
  custom:video-decoder-ogg-theora: a1e56fd34408186e4bbccfd4996cb3dc -> 
  custom:container-muxer-webm: aa71ff27fc2769a1b78a27578f13a17b -> 
  custom:container-demuxer-webm: 4f35f7cbe854078d1ac9338744f61a02 -> 
  custom:container-demuxer-ogg: 62fdf1f143b41e24485cea50d1cbac27 -> 
  custom:video-encoder-webm-vp8: eb34c28f22e8b96e1ab97ce403110664 -> 
  custom:video-decoder-webm-vp8: 9c59270c3fd7afecdb556c50c9e8de78 -> 
  custom:audio-decoder-ogg-vorbis: bf7c407c2cedff20999df2af8eb42d56 -> 
  custom:audio-encoder-webm-vorbis: bf7c407c2cedff20999df2af8eb42d56 -> 
========================================================================
Received Prepare
Registering precompiled user dll's ...
Registered in 0.006174 seconds.
Begin MonoManager ReloadAssembly
Native extension for WindowsStandalone target not found
Native extension for WebGL target not found
Refreshing native plugins compatible for Editor in 0.64 ms, found 5 plugins.
Preloading 0 native plugins for Editor in 0.00 ms.
Mono: successfully reloaded assembly
- Completed reload, in  1.266 seconds
Domain Reload Profiling:
	ReloadAssembly (1266ms)
		BeginReloadAssembly (149ms)
			ExecutionOrderSort (0ms)
			DisableScriptedObjects (8ms)
			BackupInstance (0ms)
			ReleaseScriptingObjects (0ms)
			CreateAndSetChildDomain (43ms)
		EndReloadAssembly (1034ms)
			LoadAssemblies (125ms)
			RebuildTransferFunctionScriptingTraits (0ms)
			SetupTypeCache (361ms)
			ReleaseScriptCaches (1ms)
			RebuildScriptCaches (52ms)
			SetupLoadedEditorAssemblies (376ms)
				LogAssemblyErrors (0ms)
				InitializePlatformSupportModulesInManaged (8ms)
				SetLoadedEditorAssemblies (1ms)
				RefreshPlugins (1ms)
				BeforeProcessingInitializeOnLoad (80ms)
				ProcessInitializeOnLoadAttributes (259ms)
				ProcessInitializeOnLoadMethodAttributes (13ms)
				AfterProcessingInitializeOnLoad (15ms)
				EditorAssembliesLoaded (0ms)
			ExecutionOrderSort2 (0ms)
			AwakeInstancesAfterBackupRestoration (11ms)
Platform modules already initialized, skipping
Refreshing native plugins compatible for Editor in 0.65 ms, found 5 plugins.
Preloading 0 native plugins for Editor in 0.00 ms.
Unloading 2252 Unused Serialized files (Serialized files now loaded: 0)
System memory in use before: 101.6 MB.
System memory in use after: 101.8 MB.

Unloading 28 unused Assets to reduce memory usage. Loaded Objects now: 2714.
Total: 3.777900 ms (FindLiveObjects: 0.263700 ms CreateObjectMapping: 0.189900 ms MarkObjects: 3.261600 ms  DeleteObjects: 0.061900 ms)

AssetImportParameters requested are different than current active one (requested -> active):
  custom:framework-win-MediaFoundation: 216162199b28c13a410421893ffa2e32 -> 
  custom:video-decoder-ogg-theora: a1e56fd34408186e4bbccfd4996cb3dc -> 
  custom:container-muxer-webm: aa71ff27fc2769a1b78a27578f13a17b -> 
  custom:container-demuxer-webm: 4f35f7cbe854078d1ac9338744f61a02 -> 
  custom:container-demuxer-ogg: 62fdf1f143b41e24485cea50d1cbac27 -> 
  custom:video-encoder-webm-vp8: eb34c28f22e8b96e1ab97ce403110664 -> 
  custom:video-decoder-webm-vp8: 9c59270c3fd7afecdb556c50c9e8de78 -> 
  custom:audio-decoder-ogg-vorbis: bf7c407c2cedff20999df2af8eb42d56 -> 
  custom:audio-encoder-webm-vorbis: bf7c407c2cedff20999df2af8eb42d56 -> 
========================================================================
Received Import Request.
  Time since last request: 550.995437 seconds.
  path: Assets/Scripts/CurrentLocation.cs
  artifactKey: Guid(c4f60f9b9df98b3418910ccb640a05a4) Importer(815301076,1909f56bfc062723c751e8b465ee728b)
Start importing Assets/Scripts/CurrentLocation.cs using Guid(c4f60f9b9df98b3418910ccb640a05a4) Importer(815301076,1909f56bfc062723c751e8b465ee728b)  -> (artifact id: '5d8ba398800fd0ab7b2c032dc4b078e1') in 0.010457 seconds 
  Import took 0.015624 seconds .

========================================================================
Received Import Request.
  Time since last request: 12.267444 seconds.
  path: Assets/Scripts/DetectingGhosts.cs
  artifactKey: Guid(fd06e7df423a2724ebfe2eb61d64d8a9) Importer(815301076,1909f56bfc062723c751e8b465ee728b)
Start importing Assets/Scripts/DetectingGhosts.cs using Guid(fd06e7df423a2724ebfe2eb61d64d8a9) Importer(815301076,1909f56bfc062723c751e8b465ee728b)  -> (artifact id: 'ea689ad32580f7bb7ee02892fad927c4') in 0.008153 seconds 
  Import took 0.012770 seconds .

========================================================================
Received Import Request.
  Time since last request: 9.611105 seconds.
  path: Assets/Scripts/TextOnScreen.cs
  artifactKey: Guid(223929536b16b9c4797c333139965db3) Importer(815301076,1909f56bfc062723c751e8b465ee728b)
Start importing Assets/Scripts/TextOnScreen.cs using Guid(223929536b16b9c4797c333139965db3) Importer(815301076,1909f56bfc062723c751e8b465ee728b)  -> (artifact id: '1684a9d3f07eec4094474e13089b7d1a') in 0.008768 seconds 
  Import took 0.012694 seconds .

========================================================================
Received Import Request.
  Time since last request: 1273.281000 seconds.
  path: Assets/Scripts/OpeningDoors.cs
  artifactKey: Guid(37f24d78e2bcc694290657179724ffb9) Importer(815301076,1909f56bfc062723c751e8b465ee728b)
Start importing Assets/Scripts/OpeningDoors.cs using Guid(37f24d78e2bcc694290657179724ffb9) Importer(815301076,1909f56bfc062723c751e8b465ee728b)  -> (artifact id: 'bf46dbca69f702dfbef3ae22f366f2a7') in 0.017150 seconds 
  Import took 0.023603 seconds .

========================================================================
Received Import Request.
  Time since last request: 135.795183 seconds.
  path: Assets/Scripts/KeysManager.cs
  artifactKey: Guid(5cddb57c89c39d3489541d14b8cc8439) Importer(815301076,1909f56bfc062723c751e8b465ee728b)
Start importing Assets/Scripts/KeysManager.cs using Guid(5cddb57c89c39d3489541d14b8cc8439) Importer(815301076,1909f56bfc062723c751e8b465ee728b)  -> (artifact id: '0f27dc93a814f55408d2120a8aa3b0c1') in 0.013977 seconds 
  Import took 0.029654 seconds .

========================================================================
Received Import Request.
  Time since last request: 216.383724 seconds.
  path: Assets/Scripts/DirectionSoundPitch.cs
  artifactKey: Guid(22185fb564cf6ef40856d7a778d84ccb) Importer(815301076,1909f56bfc062723c751e8b465ee728b)
Start importing Assets/Scripts/DirectionSoundPitch.cs using Guid(22185fb564cf6ef40856d7a778d84ccb) Importer(815301076,1909f56bfc062723c751e8b465ee728b)  -> (artifact id: '8b5ab0c5c2ab9fbef44c92b5039e2e70') in 0.011497 seconds 
  Import took 0.018867 seconds .

========================================================================
Received Import Request.
  Time since last request: 0.381362 seconds.
  path: Assets/Scripts/DirectionVolume.cs
  artifactKey: Guid(11a78827420a797489111df929bc9697) Importer(815301076,1909f56bfc062723c751e8b465ee728b)
Start importing Assets/Scripts/DirectionVolume.cs using Guid(11a78827420a797489111df929bc9697) Importer(815301076,1909f56bfc062723c751e8b465ee728b)  -> (artifact id: 'fa5431365979461c52dc8bc8b709c457') in 0.008074 seconds 
  Import took 0.207140 seconds .

========================================================================
Received Import Request.
  Time since last request: 0.145842 seconds.
  path: Assets/Scripts/GhostCollision.cs
  artifactKey: Guid(057c6a3e11d018348ad563e96ff69a37) Importer(815301076,1909f56bfc062723c751e8b465ee728b)
Start importing Assets/Scripts/GhostCollision.cs using Guid(057c6a3e11d018348ad563e96ff69a37) Importer(815301076,1909f56bfc062723c751e8b465ee728b)  -> (artifact id: 'fa1f86504354049e1ad2ec2f2c88ab9d') in 0.010358 seconds 
  Import took 0.016539 seconds .

========================================================================
Received Import Request.
  Time since last request: 0.550897 seconds.
  path: Assets/Scripts/GhostCounting.cs
  artifactKey: Guid(25571bab6fa374942828f9e89c58d538) Importer(815301076,1909f56bfc062723c751e8b465ee728b)
Start importing Assets/Scripts/GhostCounting.cs using Guid(25571bab6fa374942828f9e89c58d538) Importer(815301076,1909f56bfc062723c751e8b465ee728b)  -> (artifact id: 'b935690f311868e4c7e4cb63485356f7') in 0.008855 seconds 
  Import took 0.014060 seconds .

========================================================================
Received Import Request.
  Time since last request: 0.434873 seconds.
  path: Assets/Scripts/HeartbeatRadius.cs
  artifactKey: Guid(5c465c6630ba75f489a80feaebc74ef5) Importer(815301076,1909f56bfc062723c751e8b465ee728b)
Start importing Assets/Scripts/HeartbeatRadius.cs using Guid(5c465c6630ba75f489a80feaebc74ef5) Importer(815301076,1909f56bfc062723c751e8b465ee728b)  -> (artifact id: '107485474a694e38b7b29d9d3cf9346d') in 0.007943 seconds 
  Import took 0.026413 seconds .

========================================================================
Received Import Request.
  Time since last request: 1.109392 seconds.
  path: Assets/Scripts/Interactables.cs
  artifactKey: Guid(0dc5ac1c63607894790af034b243ba9a) Importer(815301076,1909f56bfc062723c751e8b465ee728b)
Start importing Assets/Scripts/Interactables.cs using Guid(0dc5ac1c63607894790af034b243ba9a) Importer(815301076,1909f56bfc062723c751e8b465ee728b)  -> (artifact id: 'cc44fffad3fe8b3796249bdd76e9b728') in 0.015182 seconds 
  Import took 0.021767 seconds .

========================================================================
Received Import Request.
  Time since last request: 7.000083 seconds.
  path: Assets/Scripts/PickingUpKeys.cs
  artifactKey: Guid(c3e4aac55e5a04543842e12902a85115) Importer(815301076,1909f56bfc062723c751e8b465ee728b)
Start importing Assets/Scripts/PickingUpKeys.cs using Guid(c3e4aac55e5a04543842e12902a85115) Importer(815301076,1909f56bfc062723c751e8b465ee728b)  -> (artifact id: 'b8f00dc7dfec94712956cfbe393c3328') in 0.011069 seconds 
  Import took 0.016181 seconds .

========================================================================
Received Prepare
Registering precompiled user dll's ...
Registered in 0.078378 seconds.
Begin MonoManager ReloadAssembly
Native extension for WindowsStandalone target not found
Native extension for WebGL target not found
Refreshing native plugins compatible for Editor in 0.96 ms, found 5 plugins.
Preloading 0 native plugins for Editor in 0.00 ms.
Mono: successfully reloaded assembly
- Completed reload, in  1.326 seconds
Domain Reload Profiling:
	ReloadAssembly (1327ms)
		BeginReloadAssembly (143ms)
			ExecutionOrderSort (0ms)
			DisableScriptedObjects (8ms)
			BackupInstance (0ms)
			ReleaseScriptingObjects (0ms)
			CreateAndSetChildDomain (40ms)
		EndReloadAssembly (1099ms)
			LoadAssemblies (123ms)
			RebuildTransferFunctionScriptingTraits (0ms)
			SetupTypeCache (375ms)
			ReleaseScriptCaches (2ms)
			RebuildScriptCaches (55ms)
			SetupLoadedEditorAssemblies (418ms)
				LogAssemblyErrors (0ms)
				InitializePlatformSupportModulesInManaged (6ms)
				SetLoadedEditorAssemblies (1ms)
				RefreshPlugins (1ms)
				BeforeProcessingInitializeOnLoad (81ms)
				ProcessInitializeOnLoadAttributes (300ms)
				ProcessInitializeOnLoadMethodAttributes (14ms)
				AfterProcessingInitializeOnLoad (15ms)
				EditorAssembliesLoaded (0ms)
			ExecutionOrderSort2 (0ms)
			AwakeInstancesAfterBackupRestoration (12ms)
Platform modules already initialized, skipping
Refreshing native plugins compatible for Editor in 0.72 ms, found 5 plugins.
Preloading 0 native plugins for Editor in 0.00 ms.
Unloading 2252 Unused Serialized files (Serialized files now loaded: 0)
System memory in use before: 101.6 MB.
System memory in use after: 101.8 MB.

Unloading 28 unused Assets to reduce memory usage. Loaded Objects now: 2716.
Total: 5.444100 ms (FindLiveObjects: 0.405400 ms CreateObjectMapping: 0.346400 ms MarkObjects: 4.663100 ms  DeleteObjects: 0.027900 ms)

AssetImportParameters requested are different than current active one (requested -> active):
  custom:framework-win-MediaFoundation: 216162199b28c13a410421893ffa2e32 -> 
  custom:video-decoder-ogg-theora: a1e56fd34408186e4bbccfd4996cb3dc -> 
  custom:container-muxer-webm: aa71ff27fc2769a1b78a27578f13a17b -> 
  custom:container-demuxer-webm: 4f35f7cbe854078d1ac9338744f61a02 -> 
  custom:container-demuxer-ogg: 62fdf1f143b41e24485cea50d1cbac27 -> 
  custom:video-encoder-webm-vp8: eb34c28f22e8b96e1ab97ce403110664 -> 
  custom:video-decoder-webm-vp8: 9c59270c3fd7afecdb556c50c9e8de78 -> 
  custom:audio-decoder-ogg-vorbis: bf7c407c2cedff20999df2af8eb42d56 -> 
  custom:audio-encoder-webm-vorbis: bf7c407c2cedff20999df2af8eb42d56 -> 
========================================================================
Received Prepare
Registering precompiled user dll's ...
Registered in 0.006137 seconds.
Begin MonoManager ReloadAssembly
Native extension for WindowsStandalone target not found
Native extension for WebGL target not found
Refreshing native plugins compatible for Editor in 0.79 ms, found 5 plugins.
Preloading 0 native plugins for Editor in 0.00 ms.
Mono: successfully reloaded assembly
- Completed reload, in  1.336 seconds
Domain Reload Profiling:
	ReloadAssembly (1337ms)
		BeginReloadAssembly (162ms)
			ExecutionOrderSort (0ms)
			DisableScriptedObjects (8ms)
			BackupInstance (0ms)
			ReleaseScriptingObjects (0ms)
			CreateAndSetChildDomain (46ms)
		EndReloadAssembly (1088ms)
			LoadAssemblies (122ms)
			RebuildTransferFunctionScriptingTraits (0ms)
			SetupTypeCache (428ms)
			ReleaseScriptCaches (1ms)
			RebuildScriptCaches (52ms)
			SetupLoadedEditorAssemblies (369ms)
				LogAssemblyErrors (0ms)
				InitializePlatformSupportModulesInManaged (6ms)
				SetLoadedEditorAssemblies (1ms)
				RefreshPlugins (1ms)
				BeforeProcessingInitializeOnLoad (79ms)
				ProcessInitializeOnLoadAttributes (253ms)
				ProcessInitializeOnLoadMethodAttributes (14ms)
				AfterProcessingInitializeOnLoad (15ms)
				EditorAssembliesLoaded (0ms)
			ExecutionOrderSort2 (0ms)
			AwakeInstancesAfterBackupRestoration (11ms)
Platform modules already initialized, skipping
Refreshing native plugins compatible for Editor in 0.65 ms, found 5 plugins.
Preloading 0 native plugins for Editor in 0.00 ms.
Unloading 2252 Unused Serialized files (Serialized files now loaded: 0)
System memory in use before: 101.5 MB.
System memory in use after: 101.7 MB.

Unloading 28 unused Assets to reduce memory usage. Loaded Objects now: 2718.
Total: 3.994400 ms (FindLiveObjects: 0.211000 ms CreateObjectMapping: 0.111600 ms MarkObjects: 3.603500 ms  DeleteObjects: 0.067300 ms)

AssetImportParameters requested are different than current active one (requested -> active):
  custom:framework-win-MediaFoundation: 216162199b28c13a410421893ffa2e32 -> 
  custom:video-decoder-ogg-theora: a1e56fd34408186e4bbccfd4996cb3dc -> 
  custom:container-muxer-webm: aa71ff27fc2769a1b78a27578f13a17b -> 
  custom:container-demuxer-webm: 4f35f7cbe854078d1ac9338744f61a02 -> 
  custom:container-demuxer-ogg: 62fdf1f143b41e24485cea50d1cbac27 -> 
  custom:video-encoder-webm-vp8: eb34c28f22e8b96e1ab97ce403110664 -> 
  custom:video-decoder-webm-vp8: 9c59270c3fd7afecdb556c50c9e8de78 -> 
  custom:audio-decoder-ogg-vorbis: bf7c407c2cedff20999df2af8eb42d56 -> 
  custom:audio-encoder-webm-vorbis: bf7c407c2cedff20999df2af8eb42d56 -> 
========================================================================
Received Prepare
Registering precompiled user dll's ...
Registered in 0.005932 seconds.
Begin MonoManager ReloadAssembly
Native extension for WindowsStandalone target not found
Native extension for WebGL target not found
Refreshing native plugins compatible for Editor in 0.65 ms, found 5 plugins.
Preloading 0 native plugins for Editor in 0.00 ms.
Mono: successfully reloaded assembly
- Completed reload, in  1.281 seconds
Domain Reload Profiling:
	ReloadAssembly (1281ms)
		BeginReloadAssembly (157ms)
			ExecutionOrderSort (0ms)
			DisableScriptedObjects (8ms)
			BackupInstance (0ms)
			ReleaseScriptingObjects (0ms)
			CreateAndSetChildDomain (39ms)
		EndReloadAssembly (1040ms)
			LoadAssemblies (130ms)
			RebuildTransferFunctionScriptingTraits (0ms)
			SetupTypeCache (373ms)
			ReleaseScriptCaches (1ms)
			RebuildScriptCaches (62ms)
			SetupLoadedEditorAssemblies (351ms)
				LogAssemblyErrors (0ms)
				InitializePlatformSupportModulesInManaged (6ms)
				SetLoadedEditorAssemblies (1ms)
				RefreshPlugins (1ms)
				BeforeProcessingInitializeOnLoad (79ms)
				ProcessInitializeOnLoadAttributes (238ms)
				ProcessInitializeOnLoadMethodAttributes (13ms)
				AfterProcessingInitializeOnLoad (14ms)
				EditorAssembliesLoaded (0ms)
			ExecutionOrderSort2 (0ms)
			AwakeInstancesAfterBackupRestoration (11ms)
Platform modules already initialized, skipping
Refreshing native plugins compatible for Editor in 0.64 ms, found 5 plugins.
Preloading 0 native plugins for Editor in 0.00 ms.
Unloading 2252 Unused Serialized files (Serialized files now loaded: 0)
System memory in use before: 101.6 MB.
System memory in use after: 101.8 MB.

Unloading 28 unused Assets to reduce memory usage. Loaded Objects now: 2720.
Total: 3.557400 ms (FindLiveObjects: 0.214200 ms CreateObjectMapping: 0.102400 ms MarkObjects: 3.186500 ms  DeleteObjects: 0.053300 ms)

AssetImportParameters requested are different than current active one (requested -> active):
  custom:framework-win-MediaFoundation: 216162199b28c13a410421893ffa2e32 -> 
  custom:video-decoder-ogg-theora: a1e56fd34408186e4bbccfd4996cb3dc -> 
  custom:container-muxer-webm: aa71ff27fc2769a1b78a27578f13a17b -> 
  custom:container-demuxer-webm: 4f35f7cbe854078d1ac9338744f61a02 -> 
  custom:container-demuxer-ogg: 62fdf1f143b41e24485cea50d1cbac27 -> 
  custom:video-encoder-webm-vp8: eb34c28f22e8b96e1ab97ce403110664 -> 
  custom:video-decoder-webm-vp8: 9c59270c3fd7afecdb556c50c9e8de78 -> 
  custom:audio-decoder-ogg-vorbis: bf7c407c2cedff20999df2af8eb42d56 -> 
  custom:audio-encoder-webm-vorbis: bf7c407c2cedff20999df2af8eb42d56 -> 
========================================================================
Received Prepare
Registering precompiled user dll's ...
Registered in 0.006035 seconds.
Begin MonoManager ReloadAssembly
Native extension for WindowsStandalone target not found
Native extension for WebGL target not found
Refreshing native plugins compatible for Editor in 0.67 ms, found 5 plugins.
Preloading 0 native plugins for Editor in 0.00 ms.
Mono: successfully reloaded assembly
- Completed reload, in  1.228 seconds
Domain Reload Profiling:
	ReloadAssembly (1228ms)
		BeginReloadAssembly (133ms)
			ExecutionOrderSort (0ms)
			DisableScriptedObjects (7ms)
			BackupInstance (0ms)
			ReleaseScriptingObjects (0ms)
			CreateAndSetChildDomain (36ms)
		EndReloadAssembly (1015ms)
			LoadAssemblies (116ms)
			RebuildTransferFunctionScriptingTraits (0ms)
			SetupTypeCache (348ms)
			ReleaseScriptCaches (1ms)
			RebuildScriptCaches (51ms)
			SetupLoadedEditorAssemblies (379ms)
				LogAssemblyErrors (0ms)
				InitializePlatformSupportModulesInManaged (7ms)
				SetLoadedEditorAssemblies (1ms)
				RefreshPlugins (1ms)
				BeforeProcessingInitializeOnLoad (102ms)
				ProcessInitializeOnLoadAttributes (242ms)
				ProcessInitializeOnLoadMethodAttributes (13ms)
				AfterProcessingInitializeOnLoad (14ms)
				EditorAssembliesLoaded (0ms)
			ExecutionOrderSort2 (0ms)
			AwakeInstancesAfterBackupRestoration (11ms)
Platform modules already initialized, skipping
Refreshing native plugins compatible for Editor in 0.65 ms, found 5 plugins.
Preloading 0 native plugins for Editor in 0.00 ms.
Unloading 2252 Unused Serialized files (Serialized files now loaded: 0)
System memory in use before: 101.6 MB.
System memory in use after: 101.8 MB.

Unloading 28 unused Assets to reduce memory usage. Loaded Objects now: 2722.
Total: 3.959900 ms (FindLiveObjects: 0.283300 ms CreateObjectMapping: 0.202500 ms MarkObjects: 3.439600 ms  DeleteObjects: 0.033200 ms)

AssetImportParameters requested are different than current active one (requested -> active):
  custom:framework-win-MediaFoundation: 216162199b28c13a410421893ffa2e32 -> 
  custom:video-decoder-ogg-theora: a1e56fd34408186e4bbccfd4996cb3dc -> 
  custom:container-muxer-webm: aa71ff27fc2769a1b78a27578f13a17b -> 
  custom:container-demuxer-webm: 4f35f7cbe854078d1ac9338744f61a02 -> 
  custom:container-demuxer-ogg: 62fdf1f143b41e24485cea50d1cbac27 -> 
  custom:video-encoder-webm-vp8: eb34c28f22e8b96e1ab97ce403110664 -> 
  custom:video-decoder-webm-vp8: 9c59270c3fd7afecdb556c50c9e8de78 -> 
  custom:audio-decoder-ogg-vorbis: bf7c407c2cedff20999df2af8eb42d56 -> 
  custom:audio-encoder-webm-vorbis: bf7c407c2cedff20999df2af8eb42d56 -> 
========================================================================
Received Prepare
Registering precompiled user dll's ...
Registered in 0.006498 seconds.
Begin MonoManager ReloadAssembly
Native extension for WindowsStandalone target not found
Native extension for WebGL target not found
Refreshing native plugins compatible for Editor in 0.65 ms, found 5 plugins.
Preloading 0 native plugins for Editor in 0.00 ms.
Mono: successfully reloaded assembly
- Completed reload, in  1.398 seconds
Domain Reload Profiling:
	ReloadAssembly (1398ms)
		BeginReloadAssembly (152ms)
			ExecutionOrderSort (0ms)
			DisableScriptedObjects (8ms)
			BackupInstance (0ms)
			ReleaseScriptingObjects (0ms)
			CreateAndSetChildDomain (39ms)
		EndReloadAssembly (1157ms)
			LoadAssemblies (128ms)
			RebuildTransferFunctionScriptingTraits (0ms)
			SetupTypeCache (423ms)
			ReleaseScriptCaches (1ms)
			RebuildScriptCaches (56ms)
			SetupLoadedEditorAssemblies (413ms)
				LogAssemblyErrors (0ms)
				InitializePlatformSupportModulesInManaged (8ms)
				SetLoadedEditorAssemblies (1ms)
				RefreshPlugins (1ms)
				BeforeProcessingInitializeOnLoad (90ms)
				ProcessInitializeOnLoadAttributes (282ms)
				ProcessInitializeOnLoadMethodAttributes (15ms)
				AfterProcessingInitializeOnLoad (16ms)
				EditorAssembliesLoaded (0ms)
			ExecutionOrderSort2 (0ms)
			AwakeInstancesAfterBackupRestoration (13ms)
Platform modules already initialized, skipping
Refreshing native plugins compatible for Editor in 0.65 ms, found 5 plugins.
Preloading 0 native plugins for Editor in 0.00 ms.
Unloading 2252 Unused Serialized files (Serialized files now loaded: 0)
System memory in use before: 101.6 MB.
System memory in use after: 101.8 MB.

Unloading 28 unused Assets to reduce memory usage. Loaded Objects now: 2724.
Total: 4.291200 ms (FindLiveObjects: 0.334600 ms CreateObjectMapping: 0.149900 ms MarkObjects: 3.781100 ms  DeleteObjects: 0.024100 ms)

AssetImportParameters requested are different than current active one (requested -> active):
  custom:framework-win-MediaFoundation: 216162199b28c13a410421893ffa2e32 -> 
  custom:video-decoder-ogg-theora: a1e56fd34408186e4bbccfd4996cb3dc -> 
  custom:container-muxer-webm: aa71ff27fc2769a1b78a27578f13a17b -> 
  custom:container-demuxer-webm: 4f35f7cbe854078d1ac9338744f61a02 -> 
  custom:container-demuxer-ogg: 62fdf1f143b41e24485cea50d1cbac27 -> 
  custom:video-encoder-webm-vp8: eb34c28f22e8b96e1ab97ce403110664 -> 
  custom:video-decoder-webm-vp8: 9c59270c3fd7afecdb556c50c9e8de78 -> 
  custom:audio-decoder-ogg-vorbis: bf7c407c2cedff20999df2af8eb42d56 -> 
  custom:audio-encoder-webm-vorbis: bf7c407c2cedff20999df2af8eb42d56 -> 
========================================================================
Received Prepare
Registering precompiled user dll's ...
Registered in 0.007125 seconds.
Begin MonoManager ReloadAssembly
Native extension for WindowsStandalone target not found
Native extension for WebGL target not found
Refreshing native plugins compatible for Editor in 0.63 ms, found 5 plugins.
Preloading 0 native plugins for Editor in 0.00 ms.
Mono: successfully reloaded assembly
- Completed reload, in  1.215 seconds
Domain Reload Profiling:
	ReloadAssembly (1215ms)
		BeginReloadAssembly (142ms)
			ExecutionOrderSort (0ms)
			DisableScriptedObjects (9ms)
			BackupInstance (0ms)
			ReleaseScriptingObjects (0ms)
			CreateAndSetChildDomain (39ms)
		EndReloadAssembly (989ms)
			LoadAssemblies (123ms)
			RebuildTransferFunctionScriptingTraits (0ms)
			SetupTypeCache (358ms)
			ReleaseScriptCaches (1ms)
			RebuildScriptCaches (49ms)
			SetupLoadedEditorAssemblies (344ms)
				LogAssemblyErrors (0ms)
				InitializePlatformSupportModulesInManaged (6ms)
				SetLoadedEditorAssemblies (1ms)
				RefreshPlugins (1ms)
				BeforeProcessingInitializeOnLoad (76ms)
				ProcessInitializeOnLoadAttributes (234ms)
				ProcessInitializeOnLoadMethodAttributes (13ms)
				AfterProcessingInitializeOnLoad (14ms)
				EditorAssembliesLoaded (0ms)
			ExecutionOrderSort2 (0ms)
			AwakeInstancesAfterBackupRestoration (10ms)
Platform modules already initialized, skipping
Refreshing native plugins compatible for Editor in 0.65 ms, found 5 plugins.
Preloading 0 native plugins for Editor in 0.00 ms.
Unloading 2252 Unused Serialized files (Serialized files now loaded: 0)
System memory in use before: 101.6 MB.
System memory in use after: 101.8 MB.

Unloading 28 unused Assets to reduce memory usage. Loaded Objects now: 2726.
Total: 3.676900 ms (FindLiveObjects: 0.261200 ms CreateObjectMapping: 0.192300 ms MarkObjects: 3.190900 ms  DeleteObjects: 0.031400 ms)

AssetImportParameters requested are different than current active one (requested -> active):
  custom:framework-win-MediaFoundation: 216162199b28c13a410421893ffa2e32 -> 
  custom:video-decoder-ogg-theora: a1e56fd34408186e4bbccfd4996cb3dc -> 
  custom:container-muxer-webm: aa71ff27fc2769a1b78a27578f13a17b -> 
  custom:container-demuxer-webm: 4f35f7cbe854078d1ac9338744f61a02 -> 
  custom:container-demuxer-ogg: 62fdf1f143b41e24485cea50d1cbac27 -> 
  custom:video-encoder-webm-vp8: eb34c28f22e8b96e1ab97ce403110664 -> 
  custom:video-decoder-webm-vp8: 9c59270c3fd7afecdb556c50c9e8de78 -> 
  custom:audio-decoder-ogg-vorbis: bf7c407c2cedff20999df2af8eb42d56 -> 
  custom:audio-encoder-webm-vorbis: bf7c407c2cedff20999df2af8eb42d56 -> 
========================================================================
Received Prepare
Registering precompiled user dll's ...
Registered in 0.006067 seconds.
Begin MonoManager ReloadAssembly
Native extension for WindowsStandalone target not found
Native extension for WebGL target not found
Refreshing native plugins compatible for Editor in 0.65 ms, found 5 plugins.
Preloading 0 native plugins for Editor in 0.00 ms.
Mono: successfully reloaded assembly
- Completed reload, in  1.238 seconds
Domain Reload Profiling:
	ReloadAssembly (1238ms)
		BeginReloadAssembly (138ms)
			ExecutionOrderSort (0ms)
			DisableScriptedObjects (8ms)
			BackupInstance (0ms)
			ReleaseScriptingObjects (0ms)
			CreateAndSetChildDomain (37ms)
		EndReloadAssembly (1017ms)
			LoadAssemblies (118ms)
			RebuildTransferFunctionScriptingTraits (0ms)
			SetupTypeCache (367ms)
			ReleaseScriptCaches (1ms)
			RebuildScriptCaches (52ms)
			SetupLoadedEditorAssemblies (357ms)
				LogAssemblyErrors (0ms)
				InitializePlatformSupportModulesInManaged (7ms)
				SetLoadedEditorAssemblies (1ms)
				RefreshPlugins (1ms)
				BeforeProcessingInitializeOnLoad (79ms)
				ProcessInitializeOnLoadAttributes (242ms)
				ProcessInitializeOnLoadMethodAttributes (13ms)
				AfterProcessingInitializeOnLoad (14ms)
				EditorAssembliesLoaded (0ms)
			ExecutionOrderSort2 (0ms)
			AwakeInstancesAfterBackupRestoration (10ms)
Platform modules already initialized, skipping
Refreshing native plugins compatible for Editor in 0.69 ms, found 5 plugins.
Preloading 0 native plugins for Editor in 0.00 ms.
Unloading 2252 Unused Serialized files (Serialized files now loaded: 0)
System memory in use before: 101.5 MB.
System memory in use after: 101.8 MB.

Unloading 28 unused Assets to reduce memory usage. Loaded Objects now: 2728.
Total: 3.859900 ms (FindLiveObjects: 0.322700 ms CreateObjectMapping: 0.143400 ms MarkObjects: 3.370600 ms  DeleteObjects: 0.022000 ms)

AssetImportParameters requested are different than current active one (requested -> active):
  custom:framework-win-MediaFoundation: 216162199b28c13a410421893ffa2e32 -> 
  custom:video-decoder-ogg-theora: a1e56fd34408186e4bbccfd4996cb3dc -> 
  custom:container-muxer-webm: aa71ff27fc2769a1b78a27578f13a17b -> 
  custom:container-demuxer-webm: 4f35f7cbe854078d1ac9338744f61a02 -> 
  custom:container-demuxer-ogg: 62fdf1f143b41e24485cea50d1cbac27 -> 
  custom:video-encoder-webm-vp8: eb34c28f22e8b96e1ab97ce403110664 -> 
  custom:video-decoder-webm-vp8: 9c59270c3fd7afecdb556c50c9e8de78 -> 
  custom:audio-decoder-ogg-vorbis: bf7c407c2cedff20999df2af8eb42d56 -> 
  custom:audio-encoder-webm-vorbis: bf7c407c2cedff20999df2af8eb42d56 -> 
========================================================================
Received Prepare
Registering precompiled user dll's ...
Registered in 0.006586 seconds.
Begin MonoManager ReloadAssembly
Native extension for WindowsStandalone target not found
Native extension for WebGL target not found
Refreshing native plugins compatible for Editor in 0.69 ms, found 5 plugins.
Preloading 0 native plugins for Editor in 0.00 ms.
Mono: successfully reloaded assembly
- Completed reload, in  1.317 seconds
Domain Reload Profiling:
	ReloadAssembly (1318ms)
		BeginReloadAssembly (149ms)
			ExecutionOrderSort (0ms)
			DisableScriptedObjects (8ms)
			BackupInstance (0ms)
			ReleaseScriptingObjects (0ms)
			CreateAndSetChildDomain (40ms)
		EndReloadAssembly (1073ms)
			LoadAssemblies (138ms)
			RebuildTransferFunctionScriptingTraits (0ms)
			SetupTypeCache (401ms)
			ReleaseScriptCaches (1ms)
			RebuildScriptCaches (53ms)
			SetupLoadedEditorAssemblies (365ms)
				LogAssemblyErrors (0ms)
				InitializePlatformSupportModulesInManaged (7ms)
				SetLoadedEditorAssemblies (1ms)
				RefreshPlugins (1ms)
				BeforeProcessingInitializeOnLoad (82ms)
				ProcessInitializeOnLoadAttributes (249ms)
				ProcessInitializeOnLoadMethodAttributes (12ms)
				AfterProcessingInitializeOnLoad (14ms)
				EditorAssembliesLoaded (0ms)
			ExecutionOrderSort2 (0ms)
			AwakeInstancesAfterBackupRestoration (11ms)
Platform modules already initialized, skipping
Refreshing native plugins compatible for Editor in 0.64 ms, found 5 plugins.
Preloading 0 native plugins for Editor in 0.00 ms.
Unloading 2252 Unused Serialized files (Serialized files now loaded: 0)
System memory in use before: 101.6 MB.
System memory in use after: 101.9 MB.

Unloading 28 unused Assets to reduce memory usage. Loaded Objects now: 2730.
Total: 3.318300 ms (FindLiveObjects: 0.211600 ms CreateObjectMapping: 0.102100 ms MarkObjects: 2.956000 ms  DeleteObjects: 0.047700 ms)

AssetImportParameters requested are different than current active one (requested -> active):
  custom:framework-win-MediaFoundation: 216162199b28c13a410421893ffa2e32 -> 
  custom:video-decoder-ogg-theora: a1e56fd34408186e4bbccfd4996cb3dc -> 
  custom:container-muxer-webm: aa71ff27fc2769a1b78a27578f13a17b -> 
  custom:container-demuxer-webm: 4f35f7cbe854078d1ac9338744f61a02 -> 
  custom:container-demuxer-ogg: 62fdf1f143b41e24485cea50d1cbac27 -> 
  custom:video-encoder-webm-vp8: eb34c28f22e8b96e1ab97ce403110664 -> 
  custom:video-decoder-webm-vp8: 9c59270c3fd7afecdb556c50c9e8de78 -> 
  custom:audio-decoder-ogg-vorbis: bf7c407c2cedff20999df2af8eb42d56 -> 
  custom:audio-encoder-webm-vorbis: bf7c407c2cedff20999df2af8eb42d56 -> 
========================================================================
Received Prepare
Registering precompiled user dll's ...
Registered in 0.006077 seconds.
Begin MonoManager ReloadAssembly
Native extension for WindowsStandalone target not found
Native extension for WebGL target not found
Refreshing native plugins compatible for Editor in 0.66 ms, found 5 plugins.
Preloading 0 native plugins for Editor in 0.00 ms.
Mono: successfully reloaded assembly
- Completed reload, in  1.267 seconds
Domain Reload Profiling:
	ReloadAssembly (1267ms)
		BeginReloadAssembly (144ms)
			ExecutionOrderSort (0ms)
			DisableScriptedObjects (7ms)
			BackupInstance (0ms)
			ReleaseScriptingObjects (0ms)
			CreateAndSetChildDomain (37ms)
		EndReloadAssembly (1040ms)
			LoadAssemblies (127ms)
			RebuildTransferFunctionScriptingTraits (0ms)
			SetupTypeCache (354ms)
			ReleaseScriptCaches (1ms)
			RebuildScriptCaches (53ms)
			SetupLoadedEditorAssemblies (374ms)
				LogAssemblyErrors (0ms)
				InitializePlatformSupportModulesInManaged (7ms)
				SetLoadedEditorAssemblies (1ms)
				RefreshPlugins (1ms)
				BeforeProcessingInitializeOnLoad (82ms)
				ProcessInitializeOnLoadAttributes (247ms)
				ProcessInitializeOnLoadMethodAttributes (20ms)
				AfterProcessingInitializeOnLoad (15ms)
				EditorAssembliesLoaded (0ms)
			ExecutionOrderSort2 (0ms)
			AwakeInstancesAfterBackupRestoration (11ms)
Platform modules already initialized, skipping
Refreshing native plugins compatible for Editor in 0.67 ms, found 5 plugins.
Preloading 0 native plugins for Editor in 0.00 ms.
Unloading 2252 Unused Serialized files (Serialized files now loaded: 0)
System memory in use before: 101.6 MB.
System memory in use after: 101.9 MB.

Unloading 28 unused Assets to reduce memory usage. Loaded Objects now: 2732.
Total: 3.952100 ms (FindLiveObjects: 0.215100 ms CreateObjectMapping: 0.100200 ms MarkObjects: 3.588400 ms  DeleteObjects: 0.046900 ms)

AssetImportParameters requested are different than current active one (requested -> active):
  custom:framework-win-MediaFoundation: 216162199b28c13a410421893ffa2e32 -> 
  custom:video-decoder-ogg-theora: a1e56fd34408186e4bbccfd4996cb3dc -> 
  custom:container-muxer-webm: aa71ff27fc2769a1b78a27578f13a17b -> 
  custom:container-demuxer-webm: 4f35f7cbe854078d1ac9338744f61a02 -> 
  custom:container-demuxer-ogg: 62fdf1f143b41e24485cea50d1cbac27 -> 
  custom:video-encoder-webm-vp8: eb34c28f22e8b96e1ab97ce403110664 -> 
  custom:video-decoder-webm-vp8: 9c59270c3fd7afecdb556c50c9e8de78 -> 
  custom:audio-decoder-ogg-vorbis: bf7c407c2cedff20999df2af8eb42d56 -> 
  custom:audio-encoder-webm-vorbis: bf7c407c2cedff20999df2af8eb42d56 -> 
========================================================================
Received Prepare
Registering precompiled user dll's ...
Registered in 0.006569 seconds.
Begin MonoManager ReloadAssembly
Native extension for WindowsStandalone target not found
Native extension for WebGL target not found
Refreshing native plugins compatible for Editor in 0.80 ms, found 5 plugins.
Preloading 0 native plugins for Editor in 0.00 ms.
Mono: successfully reloaded assembly
- Completed reload, in  1.366 seconds
Domain Reload Profiling:
	ReloadAssembly (1367ms)
		BeginReloadAssembly (146ms)
			ExecutionOrderSort (0ms)
			DisableScriptedObjects (7ms)
			BackupInstance (0ms)
			ReleaseScriptingObjects (0ms)
			CreateAndSetChildDomain (37ms)
		EndReloadAssembly (1131ms)
			LoadAssemblies (128ms)
			RebuildTransferFunctionScriptingTraits (0ms)
			SetupTypeCache (401ms)
			ReleaseScriptCaches (1ms)
			RebuildScriptCaches (50ms)
			SetupLoadedEditorAssemblies (402ms)
				LogAssemblyErrors (0ms)
				InitializePlatformSupportModulesInManaged (7ms)
				SetLoadedEditorAssemblies (1ms)
				RefreshPlugins (1ms)
				BeforeProcessingInitializeOnLoad (88ms)
				ProcessInitializeOnLoadAttributes (275ms)
				ProcessInitializeOnLoadMethodAttributes (14ms)
				AfterProcessingInitializeOnLoad (16ms)
				EditorAssembliesLoaded (0ms)
			ExecutionOrderSort2 (0ms)
			AwakeInstancesAfterBackupRestoration (13ms)
Platform modules already initialized, skipping
Refreshing native plugins compatible for Editor in 0.64 ms, found 5 plugins.
Preloading 0 native plugins for Editor in 0.00 ms.
Unloading 2252 Unused Serialized files (Serialized files now loaded: 0)
System memory in use before: 101.6 MB.
System memory in use after: 101.9 MB.

Unloading 28 unused Assets to reduce memory usage. Loaded Objects now: 2734.
Total: 3.627200 ms (FindLiveObjects: 0.207500 ms CreateObjectMapping: 0.108500 ms MarkObjects: 3.282500 ms  DeleteObjects: 0.027200 ms)

AssetImportParameters requested are different than current active one (requested -> active):
  custom:framework-win-MediaFoundation: 216162199b28c13a410421893ffa2e32 -> 
  custom:video-decoder-ogg-theora: a1e56fd34408186e4bbccfd4996cb3dc -> 
  custom:container-muxer-webm: aa71ff27fc2769a1b78a27578f13a17b -> 
  custom:container-demuxer-webm: 4f35f7cbe854078d1ac9338744f61a02 -> 
  custom:container-demuxer-ogg: 62fdf1f143b41e24485cea50d1cbac27 -> 
  custom:video-encoder-webm-vp8: eb34c28f22e8b96e1ab97ce403110664 -> 
  custom:video-decoder-webm-vp8: 9c59270c3fd7afecdb556c50c9e8de78 -> 
  custom:audio-decoder-ogg-vorbis: bf7c407c2cedff20999df2af8eb42d56 -> 
  custom:audio-encoder-webm-vorbis: bf7c407c2cedff20999df2af8eb42d56 -> 
========================================================================
Received Import Request.
  Time since last request: 5512.299968 seconds.
  path: ProjectSettings/TagManager.asset
  artifactKey: Guid(00000000000000003000000000000000) Importer(815301076,1909f56bfc062723c751e8b465ee728b)
Start importing ProjectSettings/TagManager.asset using Guid(00000000000000003000000000000000) Importer(815301076,1909f56bfc062723c751e8b465ee728b)  -> (artifact id: 'b5c213c0e84f24e00e76f8ffd48169cc') in 0.027263 seconds 
  Import took 0.032662 seconds .

========================================================================
Received Prepare
Registering precompiled user dll's ...
Registered in 0.006212 seconds.
Begin MonoManager ReloadAssembly
Native extension for WindowsStandalone target not found
Native extension for WebGL target not found
Refreshing native plugins compatible for Editor in 0.69 ms, found 5 plugins.
Preloading 0 native plugins for Editor in 0.00 ms.
Mono: successfully reloaded assembly
- Completed reload, in  1.277 seconds
Domain Reload Profiling:
	ReloadAssembly (1277ms)
		BeginReloadAssembly (178ms)
			ExecutionOrderSort (0ms)
			DisableScriptedObjects (8ms)
			BackupInstance (0ms)
			ReleaseScriptingObjects (0ms)
			CreateAndSetChildDomain (40ms)
		EndReloadAssembly (1016ms)
			LoadAssemblies (162ms)
			RebuildTransferFunctionScriptingTraits (0ms)
			SetupTypeCache (355ms)
			ReleaseScriptCaches (1ms)
			RebuildScriptCaches (50ms)
			SetupLoadedEditorAssemblies (364ms)
				LogAssemblyErrors (0ms)
				InitializePlatformSupportModulesInManaged (7ms)
				SetLoadedEditorAssemblies (1ms)
				RefreshPlugins (1ms)
				BeforeProcessingInitializeOnLoad (77ms)
				ProcessInitializeOnLoadAttributes (251ms)
				ProcessInitializeOnLoadMethodAttributes (13ms)
				AfterProcessingInitializeOnLoad (16ms)
				EditorAssembliesLoaded (0ms)
			ExecutionOrderSort2 (0ms)
			AwakeInstancesAfterBackupRestoration (12ms)
Platform modules already initialized, skipping
Refreshing native plugins compatible for Editor in 0.68 ms, found 5 plugins.
Preloading 0 native plugins for Editor in 0.00 ms.
Unloading 2252 Unused Serialized files (Serialized files now loaded: 0)
System memory in use before: 101.7 MB.
System memory in use after: 101.9 MB.

Unloading 29 unused Assets to reduce memory usage. Loaded Objects now: 2736.
Total: 4.184700 ms (FindLiveObjects: 0.272500 ms CreateObjectMapping: 0.300200 ms MarkObjects: 3.583800 ms  DeleteObjects: 0.026800 ms)

AssetImportParameters requested are different than current active one (requested -> active):
  custom:framework-win-MediaFoundation: 216162199b28c13a410421893ffa2e32 -> 
  custom:video-decoder-ogg-theora: a1e56fd34408186e4bbccfd4996cb3dc -> 
  custom:container-muxer-webm: aa71ff27fc2769a1b78a27578f13a17b -> 
  custom:container-demuxer-webm: 4f35f7cbe854078d1ac9338744f61a02 -> 
  custom:container-demuxer-ogg: 62fdf1f143b41e24485cea50d1cbac27 -> 
  custom:video-encoder-webm-vp8: eb34c28f22e8b96e1ab97ce403110664 -> 
  custom:video-decoder-webm-vp8: 9c59270c3fd7afecdb556c50c9e8de78 -> 
  custom:audio-decoder-ogg-vorbis: bf7c407c2cedff20999df2af8eb42d56 -> 
  custom:audio-encoder-webm-vorbis: bf7c407c2cedff20999df2af8eb42d56 -> 
========================================================================
Received Prepare
Registering precompiled user dll's ...
Registered in 0.006294 seconds.
Begin MonoManager ReloadAssembly
Native extension for WindowsStandalone target not found
Native extension for WebGL target not found
Refreshing native plugins compatible for Editor in 0.75 ms, found 5 plugins.
Preloading 0 native plugins for Editor in 0.00 ms.
Mono: successfully reloaded assembly
- Completed reload, in  1.299 seconds
Domain Reload Profiling:
	ReloadAssembly (1300ms)
		BeginReloadAssembly (143ms)
			ExecutionOrderSort (0ms)
			DisableScriptedObjects (8ms)
			BackupInstance (0ms)
			ReleaseScriptingObjects (0ms)
			CreateAndSetChildDomain (40ms)
		EndReloadAssembly (1067ms)
			LoadAssemblies (129ms)
			RebuildTransferFunctionScriptingTraits (0ms)
			SetupTypeCache (362ms)
			ReleaseScriptCaches (1ms)
			RebuildScriptCaches (53ms)
			SetupLoadedEditorAssemblies (392ms)
				LogAssemblyErrors (0ms)
				InitializePlatformSupportModulesInManaged (7ms)
				SetLoadedEditorAssemblies (1ms)
				RefreshPlugins (1ms)
				BeforeProcessingInitializeOnLoad (86ms)
				ProcessInitializeOnLoadAttributes (269ms)
				ProcessInitializeOnLoadMethodAttributes (14ms)
				AfterProcessingInitializeOnLoad (15ms)
				EditorAssembliesLoaded (0ms)
			ExecutionOrderSort2 (0ms)
			AwakeInstancesAfterBackupRestoration (11ms)
Platform modules already initialized, skipping
Refreshing native plugins compatible for Editor in 0.73 ms, found 5 plugins.
Preloading 0 native plugins for Editor in 0.00 ms.
Unloading 2252 Unused Serialized files (Serialized files now loaded: 0)
System memory in use before: 101.6 MB.
System memory in use after: 101.8 MB.

Unloading 28 unused Assets to reduce memory usage. Loaded Objects now: 2738.
Total: 3.184300 ms (FindLiveObjects: 0.216000 ms CreateObjectMapping: 0.106000 ms MarkObjects: 2.841800 ms  DeleteObjects: 0.019500 ms)

AssetImportParameters requested are different than current active one (requested -> active):
  custom:framework-win-MediaFoundation: 216162199b28c13a410421893ffa2e32 -> 
  custom:video-decoder-ogg-theora: a1e56fd34408186e4bbccfd4996cb3dc -> 
  custom:container-muxer-webm: aa71ff27fc2769a1b78a27578f13a17b -> 
  custom:container-demuxer-webm: 4f35f7cbe854078d1ac9338744f61a02 -> 
  custom:container-demuxer-ogg: 62fdf1f143b41e24485cea50d1cbac27 -> 
  custom:video-encoder-webm-vp8: eb34c28f22e8b96e1ab97ce403110664 -> 
  custom:video-decoder-webm-vp8: 9c59270c3fd7afecdb556c50c9e8de78 -> 
  custom:audio-decoder-ogg-vorbis: bf7c407c2cedff20999df2af8eb42d56 -> 
  custom:audio-encoder-webm-vorbis: bf7c407c2cedff20999df2af8eb42d56 -> 
AssetImportWorkerClient::OnTransportError - code=2 error=End of file
